/home/lbma/zwshuo/SPGCL/unsupervised_TU/aug.py:565: UserWarning: This overload of nonzero is deprecated:
	nonzero()
Consider using one of the following signatures instead:
	nonzero(*, bool as_tuple) (Triggered internally at  /opt/conda/conda-bld/pytorch_1603729047590/work/torch/csrc/utils/python_arg_parser.cpp:882.)
  edge_index = adj.nonzero().t()
args.nmb_prototypes:10
4110
37
================
lr: 0.0005
num_features: 37
hidden_dim: 32
num_gc_layers: 5
epochs: 20
================
epoch:  1
0.7678832116788321 0.7734793187347931
Epoch 1, Loss 2.447009521372178, acc 0.7734793187347931
epoch:  2
0.7902676399026763 0.7846715328467153
Epoch 2, Loss 1.8364551067352295, acc 0.7846715328467153
epoch:  3
0.7746958637469586 0.7783454987834549
Epoch 3, Loss 1.7072737777934355, acc 0.7783454987834549
epoch:  4
0.7705596107055961 0.7885644768856448
Epoch 4, Loss 1.6827538644566256, acc 0.7885644768856448
epoch:  5
0.7793187347931873 0.7829683698296837
Epoch 5, Loss 1.6646009543362785, acc 0.7829683698296837
epoch:  6
0.7819951338199514 0.7815085158150852
Epoch 6, Loss 1.673405293156119, acc 0.7815085158150852
epoch:  7
0.7739659367396594 0.7776155717761557
Epoch 7, Loss 1.6337538677103378, acc 0.7776155717761557
epoch:  8
0.7727493917274939 0.7810218978102189
Epoch 8, Loss 1.6138742566108704, acc 0.7810218978102189
epoch:  9
0.7746958637469586 0.7793187347931874
Epoch 9, Loss 1.6549983164843391, acc 0.7793187347931874
epoch:  10
0.7727493917274939 0.7722627737226277
Epoch 10, Loss 1.6728992111542647, acc 0.7722627737226277
epoch:  11
0.7644768856447689 0.7754257907542579
Epoch 11, Loss 1.6814036649816178, acc 0.7754257907542579
epoch:  12
0.7688564476885645 0.7742092457420925
Epoch 12, Loss 1.67965966463089, acc 0.7742092457420925
epoch:  13
0.7708029197080292 0.775912408759124
Epoch 13, Loss 1.7236330824739792, acc 0.775912408759124
epoch:  14
0.7793187347931874 0.7795620437956204
Epoch 14, Loss 1.7937818134532255, acc 0.7795620437956204
epoch:  15
0.7693430656934306 0.7652068126520681
Epoch 15, Loss 1.8212349134332992, acc 0.7652068126520681
epoch:  16
0.7717761557177616 0.7727493917274939
Epoch 16, Loss 1.831403679707471, acc 0.7727493917274939
epoch:  17
0.775912408759124 0.7793187347931875
Epoch 17, Loss 1.8704061648424934, acc 0.7793187347931875
epoch:  18
0.7610705596107057 0.7798053527980535
Epoch 18, Loss 1.9188947116627413, acc 0.7798053527980535
epoch:  19
0.7749391727493917 0.778832116788321
Epoch 19, Loss 1.988261482294868, acc 0.778832116788321
epoch:  20
0.7742092457420925 0.7795620437956206
Epoch 20, Loss 2.0177219124401318, acc 0.7795620437956206
[info] MAX acc:0.7846715328467153
Traceback (most recent call last):
  File "spgcl_main.py", line 655, in <module>
    with open('logs/log_' + args.DS + '_' + args.aug, 'a+') as f:
FileNotFoundError: [Errno 2] No such file or directory: 'logs/log_NCI1_dnodes'
